This is pdfTeX, Version 3.14159265-2.6-1.40.19 (TeX Live 2018) (preloaded format=pdflatex 2018.8.8)  28 OCT 2019 14:13
entering extended mode
 restricted \write18 enabled.
 file:line:error style messages enabled.
 %&-line parsing enabled.
**/Users/pedroleal/GitReps/Olympic_History_analysis/Latex/report.tex
(/Users/pedroleal/GitReps/Olympic_History_analysis/Latex/report.tex
LaTeX2e <2018-04-01> patch level 2
Babel <3.18> and hyphenation patterns for 84 language(s) loaded.
(/usr/local/texlive/2018/texmf-dist/tex/latex/base/article.cls
Document Class: article 2014/09/29 v1.4h Standard LaTeX document class
(/usr/local/texlive/2018/texmf-dist/tex/latex/base/size11.clo
File: size11.clo 2014/09/29 v1.4h Standard LaTeX file (size option)
)
\c@part=\count80
\c@section=\count81
\c@subsection=\count82
\c@subsubsection=\count83
\c@paragraph=\count84
\c@subparagraph=\count85
\c@figure=\count86
\c@table=\count87
\abovecaptionskip=\skip41
\belowcaptionskip=\skip42
\bibindent=\dimen102
) (/usr/local/texlive/2018/texmf-dist/tex/latex/geometry/geometry.sty
Package: geometry 2018/03/24 v5.7 Page Geometry
 (/usr/local/texlive/2018/texmf-dist/tex/latex/graphics/keyval.sty
Package: keyval 2014/10/28 v1.15 key=value parser (DPC)
\KV@toks@=\toks14
) (/usr/local/texlive/2018/texmf-dist/tex/generic/oberdiek/ifpdf.sty
Package: ifpdf 2017/03/15 v3.2 Provides the ifpdf switch
) (/usr/local/texlive/2018/texmf-dist/tex/generic/oberdiek/ifvtex.sty
Package: ifvtex 2016/05/16 v1.6 Detect VTeX and its facilities (HO)
Package ifvtex Info: VTeX not detected.
) (/usr/local/texlive/2018/texmf-dist/tex/generic/ifxetex/ifxetex.sty
Package: ifxetex 2010/09/12 v0.6 Provides ifxetex conditional
)
\Gm@cnth=\count88
\Gm@cntv=\count89
\c@Gm@tempcnt=\count90
\Gm@bindingoffset=\dimen103
\Gm@wd@mp=\dimen104
\Gm@odd@mp=\dimen105
\Gm@even@mp=\dimen106
\Gm@layoutwidth=\dimen107
\Gm@layoutheight=\dimen108
\Gm@layouthoffset=\dimen109
\Gm@layoutvoffset=\dimen110
\Gm@dimlist=\toks15
) (/usr/local/texlive/2018/texmf-dist/tex/latex/amsmath/amsmath.sty
Package: amsmath 2017/09/02 v2.17a AMS math features
\@mathmargin=\skip43

For additional information on amsmath, use the `?' option.
(/usr/local/texlive/2018/texmf-dist/tex/latex/amsmath/amstext.sty
Package: amstext 2000/06/29 v2.01 AMS text
 (/usr/local/texlive/2018/texmf-dist/tex/latex/amsmath/amsgen.sty
File: amsgen.sty 1999/11/30 v2.0 generic functions
\@emptytoks=\toks16
\ex@=\dimen111
)) (/usr/local/texlive/2018/texmf-dist/tex/latex/amsmath/amsbsy.sty
Package: amsbsy 1999/11/29 v1.2d Bold Symbols
\pmbraise@=\dimen112
) (/usr/local/texlive/2018/texmf-dist/tex/latex/amsmath/amsopn.sty
Package: amsopn 2016/03/08 v2.02 operator names
)
\inf@bad=\count91
LaTeX Info: Redefining \frac on input line 213.
\uproot@=\count92
\leftroot@=\count93
LaTeX Info: Redefining \overline on input line 375.
\classnum@=\count94
\DOTSCASE@=\count95
LaTeX Info: Redefining \ldots on input line 472.
LaTeX Info: Redefining \dots on input line 475.
LaTeX Info: Redefining \cdots on input line 596.
\Mathstrutbox@=\box26
\strutbox@=\box27
\big@size=\dimen113
LaTeX Font Info:    Redeclaring font encoding OML on input line 712.
LaTeX Font Info:    Redeclaring font encoding OMS on input line 713.
\macc@depth=\count96
\c@MaxMatrixCols=\count97
\dotsspace@=\muskip10
\c@parentequation=\count98
\dspbrk@lvl=\count99
\tag@help=\toks17
\row@=\count100
\column@=\count101
\maxfields@=\count102
\andhelp@=\toks18
\eqnshift@=\dimen114
\alignsep@=\dimen115
\tagshift@=\dimen116
\tagwidth@=\dimen117
\totwidth@=\dimen118
\lineht@=\dimen119
\@envbody=\toks19
\multlinegap=\skip44
\multlinetaggap=\skip45
\mathdisplay@stack=\toks20
LaTeX Info: Redefining \[ on input line 2817.
LaTeX Info: Redefining \] on input line 2818.
) (/usr/local/texlive/2018/texmf-dist/tex/latex/graphics/graphicx.sty
Package: graphicx 2017/06/01 v1.1a Enhanced LaTeX Graphics (DPC,SPQR)
 (/usr/local/texlive/2018/texmf-dist/tex/latex/graphics/graphics.sty
Package: graphics 2017/06/25 v1.2c Standard LaTeX Graphics (DPC,SPQR)
 (/usr/local/texlive/2018/texmf-dist/tex/latex/graphics/trig.sty
Package: trig 2016/01/03 v1.10 sin cos tan (DPC)
) (/usr/local/texlive/2018/texmf-dist/tex/latex/graphics-cfg/graphics.cfg
File: graphics.cfg 2016/06/04 v1.11 sample graphics configuration
)
Package graphics Info: Driver file: pdftex.def on input line 99.
 (/usr/local/texlive/2018/texmf-dist/tex/latex/graphics-def/pdftex.def
File: pdftex.def 2018/01/08 v1.0l Graphics/color driver for pdftex
))
\Gin@req@height=\dimen120
\Gin@req@width=\dimen121
) (/usr/local/texlive/2018/texmf-dist/tex/latex/caption/caption.sty
Package: caption 2016/02/21 v3.3-144 Customizing captions (AR)
 (/usr/local/texlive/2018/texmf-dist/tex/latex/caption/caption3.sty
Package: caption3 2016/05/22 v1.7-166 caption3 kernel (AR)
Package caption3 Info: TeX engine: e-TeX on input line 67.
\captionmargin=\dimen122
\captionmargin@=\dimen123
\captionwidth=\dimen124
\caption@tempdima=\dimen125
\caption@indent=\dimen126
\caption@parindent=\dimen127
\caption@hangindent=\dimen128
)
\c@ContinuedFloat=\count103
) (/usr/local/texlive/2018/texmf-dist/tex/latex/caption/subcaption.sty
Package: subcaption 2016/05/22 v1.1-161 Sub-captions (AR)
\c@subfigure=\count104
\c@subtable=\count105
) (/usr/local/texlive/2018/texmf-dist/tex/latex/pythonhighlight/pythonhighlight.sty
Package: pythonhighlight 2017/02/09 python code highlighting; provided by Olivier Verdier <olivier.verdier@gmail.com>
 (/usr/local/texlive/2018/texmf-dist/tex/latex/listings/listings.sty
\lst@mode=\count106
\lst@gtempboxa=\box28
\lst@token=\toks21
\lst@length=\count107
\lst@currlwidth=\dimen129
\lst@column=\count108
\lst@pos=\count109
\lst@lostspace=\dimen130
\lst@width=\dimen131
\lst@newlines=\count110
\lst@lineno=\count111
\lst@maxwidth=\dimen132
 (/usr/local/texlive/2018/texmf-dist/tex/latex/listings/lstmisc.sty
File: lstmisc.sty 2015/06/04 1.6 (Carsten Heinz)
\c@lstnumber=\count112
\lst@skipnumbers=\count113
\lst@framebox=\box29
) (/usr/local/texlive/2018/texmf-dist/tex/latex/listings/listings.cfg
File: listings.cfg 2015/06/04 1.6 listings configuration
))
Package: listings 2015/06/04 1.6 (Carsten Heinz)
 (/usr/local/texlive/2018/texmf-dist/tex/latex/xcolor/xcolor.sty
Package: xcolor 2016/05/11 v2.12 LaTeX color extensions (UK)
 (/usr/local/texlive/2018/texmf-dist/tex/latex/graphics-cfg/color.cfg
File: color.cfg 2016/01/02 v1.6 sample color configuration
)
Package xcolor Info: Driver file: pdftex.def on input line 225.
Package xcolor Info: Model `cmy' substituted by `cmy0' on input line 1348.
Package xcolor Info: Model `hsb' substituted by `rgb' on input line 1352.
Package xcolor Info: Model `RGB' extended on input line 1364.
Package xcolor Info: Model `HTML' substituted by `rgb' on input line 1366.
Package xcolor Info: Model `Hsb' substituted by `hsb' on input line 1367.
Package xcolor Info: Model `tHsb' substituted by `hsb' on input line 1368.
Package xcolor Info: Model `HSB' substituted by `hsb' on input line 1369.
Package xcolor Info: Model `Gray' substituted by `gray' on input line 1370.
Package xcolor Info: Model `wave' substituted by `hsb' on input line 1371.
)) (/usr/local/texlive/2018/texmf-dist/tex/latex/float/float.sty
Package: float 2001/11/08 v1.3d Float enhancements (AL)
\c@float@type=\count114
\float@exts=\toks22
\float@box=\box30
\@float@everytoks=\toks23
\@floatcapt=\box31
) (/usr/local/texlive/2018/texmf-dist/tex/latex/wrapfig/wrapfig.sty
\wrapoverhang=\dimen133
\WF@size=\dimen134
\c@WF@wrappedlines=\count115
\WF@box=\box32
\WF@everypar=\toks24
Package: wrapfig 2003/01/31  v 3.6
) (/usr/local/texlive/2018/texmf-dist/tex/latex/lipsum/lipsum.sty
Package: lipsum 2014/07/27 v1.3 150 paragraphs of Lorem Ipsum dummy text
\c@lips@count=\count116
) (/usr/local/texlive/2018/texmf-dist/tex/latex/natbib/natbib.sty
Package: natbib 2010/09/13 8.31b (PWD, AO)
\bibhang=\skip46
\bibsep=\skip47
LaTeX Info: Redefining \cite on input line 694.
\c@NAT@ctr=\count117
) (/usr/local/texlive/2018/texmf-dist/tex/latex/braket/braket.sty) (/usr/local/texlive/2018/texmf-dist/tex/latex/base/inputenc.sty
Package: inputenc 2018/04/06 v1.3b Input encoding file
\inpenc@prehook=\toks25
\inpenc@posthook=\toks26
) (/usr/local/texlive/2018/texmf-dist/tex/latex/base/fontenc.sty
Package: fontenc 2017/04/05 v2.0i Standard LaTeX package
 (/usr/local/texlive/2018/texmf-dist/tex/latex/base/t1enc.def
File: t1enc.def 2017/04/05 v2.0i Standard LaTeX file
LaTeX Font Info:    Redeclaring font encoding T1 on input line 48.
)) (/usr/local/texlive/2018/texmf-dist/tex/latex/booktabs/booktabs.sty
Package: booktabs 2016/04/27 v1.618033 publication quality tables
\heavyrulewidth=\dimen135
\lightrulewidth=\dimen136
\cmidrulewidth=\dimen137
\belowrulesep=\dimen138
\belowbottomsep=\dimen139
\aboverulesep=\dimen140
\abovetopsep=\dimen141
\cmidrulesep=\dimen142
\cmidrulekern=\dimen143
\defaultaddspace=\dimen144
\@cmidla=\count118
\@cmidlb=\count119
\@aboverulesep=\dimen145
\@belowrulesep=\dimen146
\@thisruleclass=\count120
\@lastruleclass=\count121
\@thisrulewidth=\dimen147
) (/Users/pedroleal/GitReps/Olympic_History_analysis/Latex/report.aux)
\openout1 = `report.aux'.

LaTeX Font Info:    Checking defaults for OML/cmm/m/it on input line 46.
LaTeX Font Info:    ... okay on input line 46.
LaTeX Font Info:    Checking defaults for T1/cmr/m/n on input line 46.
LaTeX Font Info:    ... okay on input line 46.
LaTeX Font Info:    Checking defaults for OT1/cmr/m/n on input line 46.
LaTeX Font Info:    ... okay on input line 46.
LaTeX Font Info:    Checking defaults for OMS/cmsy/m/n on input line 46.
LaTeX Font Info:    ... okay on input line 46.
LaTeX Font Info:    Checking defaults for OMX/cmex/m/n on input line 46.
LaTeX Font Info:    ... okay on input line 46.
LaTeX Font Info:    Checking defaults for U/cmr/m/n on input line 46.
LaTeX Font Info:    ... okay on input line 46.

*geometry* driver: auto-detecting
*geometry* detected driver: pdftex
*geometry* verbose mode - [ preamble ] result:
* driver: pdftex
* paper: a4paper
* layout: <same size as paper>
* layoutoffset:(h,v)=(0.0pt,0.0pt)
* modes: 
* h-part:(L,W,R)=(89.62709pt, 418.25368pt, 89.6271pt)
* v-part:(T,H,B)=(101.40665pt, 591.5302pt, 152.11pt)
* \paperwidth=597.50787pt
* \paperheight=845.04684pt
* \textwidth=418.25368pt
* \textheight=591.5302pt
* \oddsidemargin=17.3571pt
* \evensidemargin=17.3571pt
* \topmargin=-7.86334pt
* \headheight=12.0pt
* \headsep=25.0pt
* \topskip=11.0pt
* \footskip=30.0pt
* \marginparwidth=59.0pt
* \marginparsep=10.0pt
* \columnsep=10.0pt
* \skip\footins=10.0pt plus 4.0pt minus 2.0pt
* \hoffset=0.0pt
* \voffset=0.0pt
* \mag=1000
* \@twocolumnfalse
* \@twosidefalse
* \@mparswitchfalse
* \@reversemarginfalse
* (1in=72.27pt=25.4mm, 1cm=28.453pt)

(/usr/local/texlive/2018/texmf-dist/tex/context/base/mkii/supp-pdf.mkii
[Loading MPS to PDF converter (version 2006.09.02).]
\scratchcounter=\count122
\scratchdimen=\dimen148
\scratchbox=\box33
\nofMPsegments=\count123
\nofMParguments=\count124
\everyMPshowfont=\toks27
\MPscratchCnt=\count125
\MPscratchDim=\dimen149
\MPnumerator=\count126
\makeMPintoPDFobject=\count127
\everyMPtoPDFconversion=\toks28
) (/usr/local/texlive/2018/texmf-dist/tex/latex/oberdiek/epstopdf-base.sty
Package: epstopdf-base 2016/05/15 v2.6 Base part for package epstopdf
 (/usr/local/texlive/2018/texmf-dist/tex/generic/oberdiek/infwarerr.sty
Package: infwarerr 2016/05/16 v1.4 Providing info/warning/error messages (HO)
) (/usr/local/texlive/2018/texmf-dist/tex/latex/oberdiek/grfext.sty
Package: grfext 2016/05/16 v1.2 Manage graphics extensions (HO)
 (/usr/local/texlive/2018/texmf-dist/tex/generic/oberdiek/kvdefinekeys.sty
Package: kvdefinekeys 2016/05/16 v1.4 Define keys (HO)
 (/usr/local/texlive/2018/texmf-dist/tex/generic/oberdiek/ltxcmds.sty
Package: ltxcmds 2016/05/16 v1.23 LaTeX kernel commands for general use (HO)
))) (/usr/local/texlive/2018/texmf-dist/tex/latex/oberdiek/kvoptions.sty
Package: kvoptions 2016/05/16 v3.12 Key value format for package options (HO)
 (/usr/local/texlive/2018/texmf-dist/tex/generic/oberdiek/kvsetkeys.sty
Package: kvsetkeys 2016/05/16 v1.17 Key value parser (HO)
 (/usr/local/texlive/2018/texmf-dist/tex/generic/oberdiek/etexcmds.sty
Package: etexcmds 2016/05/16 v1.6 Avoid name clashes with e-TeX commands (HO)
 (/usr/local/texlive/2018/texmf-dist/tex/generic/oberdiek/ifluatex.sty
Package: ifluatex 2016/05/16 v1.4 Provides the ifluatex switch (HO)
Package ifluatex Info: LuaTeX not detected.
)
Package etexcmds Info: Could not find \expanded.
(etexcmds)             That can mean that you are not using pdfTeX 1.50 or
(etexcmds)             that some package has redefined \expanded.
(etexcmds)             In the latter case, load this package earlier.
))) (/usr/local/texlive/2018/texmf-dist/tex/generic/oberdiek/pdftexcmds.sty
Package: pdftexcmds 2018/01/30 v0.27 Utility functions of pdfTeX for LuaTeX (HO)
Package pdftexcmds Info: LuaTeX not detected.
Package pdftexcmds Info: \pdf@primitive is available.
Package pdftexcmds Info: \pdf@ifprimitive is available.
Package pdftexcmds Info: \pdfdraftmode found.
)
Package epstopdf-base Info: Redefining graphics rule for `.eps' on input line 438.
Package grfext Info: Graphics extension search list:
(grfext)             [.pdf,.png,.jpg,.mps,.jpeg,.jbig2,.jb2,.PDF,.PNG,.JPG,.JPEG,.JBIG2,.JB2,.eps]
(grfext)             \AppendGraphicsExtensions on input line 456.
 (/usr/local/texlive/2018/texmf-dist/tex/latex/latexconfig/epstopdf-sys.cfg
File: epstopdf-sys.cfg 2010/07/13 v1.3 Configuration of (r)epstopdf for TeX Live
))
Package caption Info: Begin \AtBeginDocument code.
Package caption Info: float package is loaded.
Package caption Info: listings package is loaded.
Package caption Info: wrapfig package is loaded.
Package caption Info: End \AtBeginDocument code.
\c@lstlisting=\count128
LaTeX Font Info:    Try loading font information for OMS+cmr on input line 74.
 (/usr/local/texlive/2018/texmf-dist/tex/latex/base/omscmr.fd
File: omscmr.fd 2014/09/29 v2.5h Standard LaTeX font definitions
)
LaTeX Font Info:    Font shape `OMS/cmr/m/n' in size <10.95> not available
(Font)              Font shape `OMS/cmsy/m/n' tried instead on input line 74.
LaTeX Font Info:    Try loading font information for T1+cmtt on input line 92.
 (/usr/local/texlive/2018/texmf-dist/tex/latex/base/t1cmtt.fd
File: t1cmtt.fd 2014/09/29 v2.5h Standard LaTeX font definitions
)

LaTeX Warning: `h' float specifier changed to `ht'.

[1

{/usr/local/texlive/2018/texmf-var/fonts/map/pdftex/updmap/pdftex.map}]
Overfull \hbox (1.50066pt too wide) in paragraph at lines 118--119
\T1/cmr/m/n/10.95 1385 dif-fer-ent du-pli-cated rows. Then, us-ing \T1/cmtt/m/n/10.95 athlete_df[athlete_df.duplicated(keep=
 []

[2] [3] [4]
<../Figures/Boxplot_numeric.pdf, id=23, 578.16pt x 397.485pt>
File: ../Figures/Boxplot_numeric.pdf Graphic file (type pdf)
<use ../Figures/Boxplot_numeric.pdf>
Package pdftex.def Info: ../Figures/Boxplot_numeric.pdf  used on input line 174.
(pdftex.def)             Requested size: 346.89867pt x 238.49283pt.
<../Figures/Boxplot_numeric_medals.pdf, id=24, 578.16pt x 397.485pt>
File: ../Figures/Boxplot_numeric_medals.pdf Graphic file (type pdf)
<use ../Figures/Boxplot_numeric_medals.pdf>
Package pdftex.def Info: ../Figures/Boxplot_numeric_medals.pdf  used on input line 182.
(pdftex.def)             Requested size: 346.89867pt x 238.49283pt.
 [5] [6 <../Figures/Boxplot_numeric.pdf> <../Figures/Boxplot_numeric_medals.pdf

pdfTeX warning: pdflatex (file ../Figures/Boxplot_numeric_medals.pdf): PDF inclusion: multiple pdfs with page group included in a single page
>]

LaTeX Warning: Float too large for page by 7.34758pt on input line 225.

<../Figures/Medal_Count_50.pdf, id=127, 578.16pt x 397.485pt>
File: ../Figures/Medal_Count_50.pdf Graphic file (type pdf)
<use ../Figures/Medal_Count_50.pdf>
Package pdftex.def Info: ../Figures/Medal_Count_50.pdf  used on input line 231.
(pdftex.def)             Requested size: 346.89867pt x 238.49283pt.
<../Figures/Gold_medal_Count_50.pdf, id=128, 578.16pt x 397.485pt>
File: ../Figures/Gold_medal_Count_50.pdf Graphic file (type pdf)
<use ../Figures/Gold_medal_Count_50.pdf>
Package pdftex.def Info: ../Figures/Gold_medal_Count_50.pdf  used on input line 237.
(pdftex.def)             Requested size: 346.89867pt x 238.49283pt.

Overfull \hbox (56.71758pt too wide) in paragraph at lines 244--253
[][] 
 []

<../Figures/Countplot_under_15.pdf, id=129, 405.79605pt x 361.35pt>
File: ../Figures/Countplot_under_15.pdf Graphic file (type pdf)
<use ../Figures/Countplot_under_15.pdf>
Package pdftex.def Info: ../Figures/Countplot_under_15.pdf  used on input line 260.
(pdftex.def)             Requested size: 324.63727pt x 289.0804pt.
[7 <../Figures/Medal_Count_50.pdf>] [8] [9 <../Figures/Gold_medal_Count_50.pdf>] [10 <../Figures/Countplot_under_15.pdf>]
<../Figures/Age_hist_by_Sex.pdf, id=241, 578.16pt x 397.485pt>
File: ../Figures/Age_hist_by_Sex.pdf Graphic file (type pdf)
<use ../Figures/Age_hist_by_Sex.pdf>
Package pdftex.def Info: ../Figures/Age_hist_by_Sex.pdf  used on input line 270.
(pdftex.def)             Requested size: 260.16959pt x 178.8666pt.

Overfull \hbox (5.0947pt too wide) in paragraph at lines 269--271
[]  [] 
 []

<../Figures/Age_hist_by_Sport.pdf, id=242, 578.16pt x 397.485pt>
File: ../Figures/Age_hist_by_Sport.pdf Graphic file (type pdf)
<use ../Figures/Age_hist_by_Sport.pdf>
Package pdftex.def Info: ../Figures/Age_hist_by_Sport.pdf  used on input line 273.
(pdftex.def)             Requested size: 260.16959pt x 178.8666pt.

Overfull \hbox (51.04276pt too wide) in paragraph at lines 273--274
[][] 
 []

<../Figures/Age_hist_by_Medal.pdf, id=243, 578.16pt x 397.485pt>
File: ../Figures/Age_hist_by_Medal.pdf Graphic file (type pdf)
<use ../Figures/Age_hist_by_Medal.pdf>
Package pdftex.def Info: ../Figures/Age_hist_by_Medal.pdf  used on input line 276.
(pdftex.def)             Requested size: 289.07928pt x 198.742pt.

Overfull \hbox (79.95245pt too wide) in paragraph at lines 276--277
[][] 
 []

<../Figures/Height_hist_by_Sex.pdf, id=244, 578.16pt x 397.485pt>
File: ../Figures/Height_hist_by_Sex.pdf Graphic file (type pdf)
<use ../Figures/Height_hist_by_Sex.pdf>
Package pdftex.def Info: ../Figures/Height_hist_by_Sex.pdf  used on input line 287.
(pdftex.def)             Requested size: 260.16959pt x 178.8666pt.

Overfull \hbox (5.0947pt too wide) in paragraph at lines 286--288
[]  [] 
 []

<../Figures/Height_hist_by_Sport.pdf, id=245, 578.16pt x 397.485pt>
File: ../Figures/Height_hist_by_Sport.pdf Graphic file (type pdf)
<use ../Figures/Height_hist_by_Sport.pdf>
Package pdftex.def Info: ../Figures/Height_hist_by_Sport.pdf  used on input line 290.
(pdftex.def)             Requested size: 260.16959pt x 178.8666pt.

Overfull \hbox (51.04276pt too wide) in paragraph at lines 290--291
[][] 
 []

<../Figures/Height_hist_by_Medal.pdf, id=246, 578.16pt x 397.485pt>
File: ../Figures/Height_hist_by_Medal.pdf Graphic file (type pdf)
<use ../Figures/Height_hist_by_Medal.pdf>
Package pdftex.def Info: ../Figures/Height_hist_by_Medal.pdf  used on input line 293.
(pdftex.def)             Requested size: 289.07928pt x 198.742pt.

Overfull \hbox (79.95245pt too wide) in paragraph at lines 293--294
[][] 
 []

[11 <../Figures/Age_hist_by_Sex.pdf> <../Figures/Age_hist_by_Sport.pdf

pdfTeX warning: pdflatex (file ../Figures/Age_hist_by_Sport.pdf): PDF inclusion: multiple pdfs with page group included in a single page
> <../Figures/Age_hist_by_Medal.pdf

pdfTeX warning: pdflatex (file ../Figures/Age_hist_by_Medal.pdf): PDF inclusion: multiple pdfs with page group included in a single page
>] [12 <../Figures/Height_hist_by_Sex.pdf> <../Figures/Height_hist_by_Sport.pdf

pdfTeX warning: pdflatex (file ../Figures/Height_hist_by_Sport.pdf): PDF inclusion: multiple pdfs with page group included in a single page
> <../Figures/Height_hist_by_Medal.pdf

pdfTeX warning: pdflatex (file ../Figures/Height_hist_by_Medal.pdf): PDF inclusion: multiple pdfs with page group included in a single page
>] (/usr/local/texlive/2018/texmf-dist/tex/latex/listings/lstlang1.sty
File: lstlang1.sty 2015/06/04 1.6 listings language file
)
LaTeX Font Info:    Font shape `T1/cmtt/bx/n' in size <9> not available
(Font)              Font shape `T1/cmtt/m/n' tried instead on input line 303.
<../Figures/Scatter_Height_Weight.png, id=485, 578.16pt x 397.485pt>
File: ../Figures/Scatter_Height_Weight.png Graphic file (type png)
<use ../Figures/Scatter_Height_Weight.png>
Package pdftex.def Info: ../Figures/Scatter_Height_Weight.png  used on input line 317.
(pdftex.def)             Requested size: 462.52863pt x 317.98842pt.

Overfull \hbox (44.27495pt too wide) in paragraph at lines 317--318
 [][] 
 []

<../Figures/Corr_heatmap.pdf, id=487, 578.16pt x 397.485pt>
File: ../Figures/Corr_heatmap.pdf Graphic file (type pdf)
<use ../Figures/Corr_heatmap.pdf>
Package pdftex.def Info: ../Figures/Corr_heatmap.pdf  used on input line 323.
(pdftex.def)             Requested size: 346.89867pt x 238.49283pt.
[13] [14 <../Figures/Scatter_Height_Weight.png>]
<../Figures/Participants_year.pdf, id=498, 578.16pt x 397.485pt>
File: ../Figures/Participants_year.pdf Graphic file (type pdf)
<use ../Figures/Participants_year.pdf>
Package pdftex.def Info: ../Figures/Participants_year.pdf  used on input line 335.
(pdftex.def)             Requested size: 375.79955pt x 258.36218pt.
<../Figures/Participants_year_season.pdf, id=499, 578.16pt x 397.485pt>
File: ../Figures/Participants_year_season.pdf Graphic file (type pdf)
<use ../Figures/Participants_year_season.pdf>
Package pdftex.def Info: ../Figures/Participants_year_season.pdf  used on input line 340.
(pdftex.def)             Requested size: 375.79955pt x 258.36218pt.


LaTeX Warning: Float too large for page by 4.59416pt on input line 344.

[15 <../Figures/Corr_heatmap.pdf>] [16 <../Figures/Participants_year.pdf> <../Figures/Participants_year_season.pdf

pdfTeX warning: pdflatex (file ../Figures/Participants_year_season.pdf): PDF inclusion: multiple pdfs with page group included in a single page
>] [17]
Overfull \hbox (16.6195pt too wide) in paragraph at lines 360--368
 [][] 
 []


Overfull \hbox (2.88979pt too wide) in paragraph at lines 371--372
\T1/cmr/m/n/10.95 tion. In or-der to use this, two new dataframes, \T1/cmtt/m/n/10.95 year_continent_df and year_continent
 []

[18]
<../Figures/Participants_year_sex.pdf, id=622, 578.16pt x 397.485pt>
File: ../Figures/Participants_year_sex.pdf Graphic file (type pdf)
<use ../Figures/Participants_year_sex.pdf>
Package pdftex.def Info: ../Figures/Participants_year_sex.pdf  used on input line 392.
(pdftex.def)             Requested size: 346.89867pt x 238.49283pt.
<../Figures/Gold_year_sex.pdf, id=623, 578.16pt x 397.485pt>
File: ../Figures/Gold_year_sex.pdf Graphic file (type pdf)
<use ../Figures/Gold_year_sex.pdf>
Package pdftex.def Info: ../Figures/Gold_year_sex.pdf  used on input line 400.
(pdftex.def)             Requested size: 260.16959pt x 178.8666pt.

Overfull \hbox (5.0947pt too wide) in paragraph at lines 399--401
[]  [] 
 []

<../Figures/Silver_year_sex.pdf, id=624, 578.16pt x 397.485pt>
File: ../Figures/Silver_year_sex.pdf Graphic file (type pdf)
<use ../Figures/Silver_year_sex.pdf>
Package pdftex.def Info: ../Figures/Silver_year_sex.pdf  used on input line 403.
(pdftex.def)             Requested size: 260.16959pt x 178.8666pt.

Overfull \hbox (51.04276pt too wide) in paragraph at lines 403--404
[][] 
 []

<../Figures/Bronze_year_sex.pdf, id=625, 578.16pt x 397.485pt>
File: ../Figures/Bronze_year_sex.pdf Graphic file (type pdf)
<use ../Figures/Bronze_year_sex.pdf>
Package pdftex.def Info: ../Figures/Bronze_year_sex.pdf  used on input line 408.
(pdftex.def)             Requested size: 260.16959pt x 178.8666pt.

Overfull \hbox (51.04276pt too wide) in paragraph at lines 407--409
 [] 
 []

<../Figures/Continent_area.pdf, id=626, 578.16pt x 397.485pt>
File: ../Figures/Continent_area.pdf Graphic file (type pdf)
<use ../Figures/Continent_area.pdf>
Package pdftex.def Info: ../Figures/Continent_area.pdf  used on input line 417.
(pdftex.def)             Requested size: 289.07928pt x 198.742pt.

Overfull \hbox (16.93274pt too wide) in paragraph at lines 416--418
[]  [] 
 []

<../Figures/Continent_area_medals.pdf, id=627, 578.16pt x 397.485pt>
File: ../Figures/Continent_area_medals.pdf Graphic file (type pdf)
<use ../Figures/Continent_area_medals.pdf>
Package pdftex.def Info: ../Figures/Continent_area_medals.pdf  used on input line 422.
(pdftex.def)             Requested size: 289.07928pt x 198.742pt.

Overfull \hbox (79.95245pt too wide) in paragraph at lines 422--423
 [][] 
 []

[19 <../Figures/Participants_year_sex.pdf>] [20 <../Figures/Gold_year_sex.pdf> <../Figures/Silver_year_sex.pdf

pdfTeX warning: pdflatex (file ../Figures/Silver_year_sex.pdf): PDF inclusion: multiple pdfs with page group included in a single page
> <../Figures/Bronze_year_sex.pdf

pdfTeX warning: pdflatex (file ../Figures/Bronze_year_sex.pdf): PDF inclusion: multiple pdfs with page group included in a single page
>]
<../Figures/Most_part_summer_countries.pdf, id=807, 578.16pt x 397.485pt>
File: ../Figures/Most_part_summer_countries.pdf Graphic file (type pdf)
<use ../Figures/Most_part_summer_countries.pdf>
Package pdftex.def Info: ../Figures/Most_part_summer_countries.pdf  used on input line 446.
(pdftex.def)             Requested size: 260.16959pt x 178.8666pt.

Overfull \hbox (5.0947pt too wide) in paragraph at lines 445--447
[]  [] 
 []

<../Figures/Most_part_winter_countries.pdf, id=808, 578.16pt x 397.485pt>
File: ../Figures/Most_part_winter_countries.pdf Graphic file (type pdf)
<use ../Figures/Most_part_winter_countries.pdf>
Package pdftex.def Info: ../Figures/Most_part_winter_countries.pdf  used on input line 449.
(pdftex.def)             Requested size: 260.16959pt x 178.8666pt.

Overfull \hbox (51.04276pt too wide) in paragraph at lines 449--450
[][] 
 []

<../Figures/Most_medals_summer_countries.pdf, id=809, 578.16pt x 397.485pt>
File: ../Figures/Most_medals_summer_countries.pdf Graphic file (type pdf)
<use ../Figures/Most_medals_summer_countries.pdf>
Package pdftex.def Info: ../Figures/Most_medals_summer_countries.pdf  used on input line 458.
(pdftex.def)             Requested size: 260.16959pt x 178.8666pt.

Overfull \hbox (5.0947pt too wide) in paragraph at lines 457--459
[]  [] 
 []

<../Figures/Most_medals_winter_countries.pdf, id=810, 578.16pt x 397.485pt>
File: ../Figures/Most_medals_winter_countries.pdf Graphic file (type pdf)
<use ../Figures/Most_medals_winter_countries.pdf>
Package pdftex.def Info: ../Figures/Most_medals_winter_countries.pdf  used on input line 461.
(pdftex.def)             Requested size: 260.16959pt x 178.8666pt.

Overfull \hbox (51.04276pt too wide) in paragraph at lines 461--462
[][] 
 []

[21 <../Figures/Continent_area.pdf> <../Figures/Continent_area_medals.pdf

pdfTeX warning: pdflatex (file ../Figures/Continent_area_medals.pdf): PDF inclusion: multiple pdfs with page group included in a single page
>] [22 <../Figures/Most_part_summer_countries.pdf> <../Figures/Most_part_winter_countries.pdf

pdfTeX warning: pdflatex (file ../Figures/Most_part_winter_countries.pdf): PDF inclusion: multiple pdfs with page group included in a single page
> <../Figures/Most_medals_summer_countries.pdf

pdfTeX warning: pdflatex (file ../Figures/Most_medals_summer_countries.pdf): PDF inclusion: multiple pdfs with page group included in a single page
> <../Figures/Most_medals_winter_countries.pdf

pdfTeX warning: pdflatex (file ../Figures/Most_medals_winter_countries.pdf): PDF inclusion: multiple pdfs with page group included in a single page
>] [23] [24] (/Users/pedroleal/GitReps/Olympic_History_analysis/Latex/report.aux) ) 
Here is how much of TeX's memory you used:
 7277 strings out of 492649
 104160 string characters out of 6129623
 356168 words of memory out of 5000000
 11033 multiletter control sequences out of 15000+600000
 16197 words of font info for 40 fonts, out of 8000000 for 9000
 1141 hyphenation exceptions out of 8191
 41i,9n,48p,1572b,1802s stack positions out of 5000i,500n,10000p,200000b,80000s
{/usr/local/texlive/2018/texmf-dist/fonts/enc/dvips/cm-super/cm-super-t1.enc}</usr/local/texlive/2018/texmf-dist/fonts/type1/public/amsfonts/cm/cmmi10.pfb></usr/local/texlive/2018/texmf-dist/fonts/type1/public/amsfonts/cm/cmr10.pfb></usr/local/texlive/2018/texmf-dist/fonts/type1/public/amsfonts/cm/cmsy10.pfb></usr/local/texlive/2018/texmf-dist/fonts/type1/public/cm-super/sfbx1095.pfb></usr/local/texlive/2018/texmf-dist/fonts/type1/public/cm-super/sfbx1200.pfb></usr/local/texlive/2018/texmf-dist/fonts/type1/public/cm-super/sfbx1440.pfb></usr/local/texlive/2018/texmf-dist/fonts/type1/public/cm-super/sfcc1728.pfb></usr/local/texlive/2018/texmf-dist/fonts/type1/public/cm-super/sfrm1000.pfb></usr/local/texlive/2018/texmf-dist/fonts/type1/public/cm-super/sfrm1095.pfb></usr/local/texlive/2018/texmf-dist/fonts/type1/public/cm-super/sfst0900.pfb></usr/local/texlive/2018/texmf-dist/fonts/type1/public/cm-super/sfti1095.pfb></usr/local/texlive/2018/texmf-dist/fonts/type1/public/cm-super/sftt0900.pfb></usr/local/texlive/2018/texmf-dist/fonts/type1/public/cm-super/sftt1095.pfb>
Output written on /Users/pedroleal/GitReps/Olympic_History_analysis/Latex/report.pdf (24 pages, 801572 bytes).
PDF statistics:
 1102 PDF objects out of 1200 (max. 8388607)
 228 compressed objects within 3 object streams
 0 named destinations out of 1000 (max. 500000)
 126 words of extra memory for PDF output out of 10000 (max. 10000000)

